[debug] [2021-06-24T06:35:31.027Z] ----------------------------------------------------------------------
[debug] [2021-06-24T06:35:31.029Z] Command:       C:\Program Files\nodejs\node.exe C:\Users\Theo\AppData\Roaming\npm\node_modules\firebase-tools\lib\bin\firebase.js init hosting
[debug] [2021-06-24T06:35:31.029Z] CLI Version:   9.6.1
[debug] [2021-06-24T06:35:31.029Z] Platform:      win32
[debug] [2021-06-24T06:35:31.029Z] Node Version:  v14.15.3
[debug] [2021-06-24T06:35:31.030Z] Time:          Wed Jun 23 2021 23:35:31 GMT-0700 (Pacific Daylight Time)
[debug] [2021-06-24T06:35:31.030Z] ----------------------------------------------------------------------
[debug] [2021-06-24T06:35:31.030Z] 
[debug] [2021-06-24T06:35:31.032Z] >>> [apiv2][query] GET https://firebase-public.firebaseio.com/cli.json [none]
[debug] [2021-06-24T06:35:31.048Z] > command requires scopes: ["email","openid","https://www.googleapis.com/auth/cloudplatformprojects.readonly","https://www.googleapis.com/auth/firebase","https://www.googleapis.com/auth/cloud-platform"]
[debug] [2021-06-24T06:35:31.049Z] > authorizing via signed-in user
[info] 
     ######## #### ########  ######## ########     ###     ######  ########
     ##        ##  ##     ## ##       ##     ##  ##   ##  ##       ##
     ######    ##  ########  ######   ########  #########  ######  ######
     ##        ##  ##    ##  ##       ##     ## ##     ##       ## ##
     ##       #### ##     ## ######## ########  ##     ##  ######  ########

You're about to initialize a Firebase project in this directory:

  C:\Users\Theo\Desktop\bedfordfalls\ui

Before we get started, keep in mind:

  * You are initializing in an existing Firebase project directory

[debug] [2021-06-24T06:35:31.260Z] <<< [apiv2][status] GET https://firebase-public.firebaseio.com/cli.json 200
[debug] [2021-06-24T06:35:31.260Z] <<< [apiv2][body] GET https://firebase-public.firebaseio.com/cli.json {"cloudBuildErrorAfter":1594252800000,"cloudBuildWarnAfter":1590019200000,"defaultNode10After":1594252800000,"minVersion":"3.0.5","node8DeploysDisabledAfter":1613390400000,"node8RuntimeDisabledAfter":1615809600000,"node8WarnAfter":1600128000000}
[info] 
=== Project Setup
[info] 
[info] First, let's associate this project directory with a Firebase project.
[info] You can create multiple project aliases by running firebase use --add, 
[info] but for now we'll just set up a default project.
[info] 
[info] i  .firebaserc already has a default project, using defi-credit-score. 
[debug] [2021-06-24T06:35:41.829Z] > refreshing access token with scopes: []
[debug] [2021-06-24T06:35:41.829Z] >>> HTTP REQUEST POST https://www.googleapis.com/oauth2/v3/token  
 <request body omitted>
[debug] [2021-06-24T06:35:41.999Z] <<< HTTP RESPONSE 200 {"date":"Thu, 24 Jun 2021 06:35:42 GMT","cache-control":"no-cache, no-store, max-age=0, must-revalidate","pragma":"no-cache","expires":"Mon, 01 Jan 1990 00:00:00 GMT","content-type":"application/json; charset=utf-8","vary":"X-Origin, Referer, Origin,Accept-Encoding","server":"scaffolding on HTTPServer2","x-xss-protection":"0","x-frame-options":"SAMEORIGIN","x-content-type-options":"nosniff","alt-svc":"h3=\":443\"; ma=2592000,h3-29=\":443\"; ma=2592000,h3-T051=\":443\"; ma=2592000,h3-Q050=\":443\"; ma=2592000,h3-Q046=\":443\"; ma=2592000,h3-Q043=\":443\"; ma=2592000,quic=\":443\"; ma=2592000; v=\"46,43\"","accept-ranges":"none","transfer-encoding":"chunked"}
[debug] [2021-06-24T06:35:42.003Z] >>> [apiv2][query] GET https://firebase.googleapis.com/v1beta1/projects/defi-credit-score [none]
[debug] [2021-06-24T06:35:42.249Z] <<< [apiv2][status] GET https://firebase.googleapis.com/v1beta1/projects/defi-credit-score 403
[debug] [2021-06-24T06:35:42.249Z] <<< [apiv2][body] GET https://firebase.googleapis.com/v1beta1/projects/defi-credit-score {"error":{"code":403,"message":"The caller does not have permission","status":"PERMISSION_DENIED"}}
[debug] [2021-06-24T06:35:42.250Z] HTTP Error: 403, The caller does not have permission
[debug] [2021-06-24T06:35:42.337Z] FirebaseError: HTTP Error: 403, The caller does not have permission
    at module.exports (C:\Users\Theo\AppData\Roaming\npm\node_modules\firebase-tools\lib\responseToError.js:38:12)
    at Client.doRequest (C:\Users\Theo\AppData\Roaming\npm\node_modules\firebase-tools\lib\apiv2.js:238:23)
    at processTicksAndRejections (internal/process/task_queues.js:93:5)
    at async Client.request (C:\Users\Theo\AppData\Roaming\npm\node_modules\firebase-tools\lib\apiv2.js:96:20)
    at async Object.getFirebaseProject (C:\Users\Theo\AppData\Roaming\npm\node_modules\firebase-tools\lib\management\projects.js:289:21)
    at async Object.doSetup [as project] (C:\Users\Theo\AppData\Roaming\npm\node_modules\firebase-tools\lib\init\features\project.js:77:27)
    at async init (C:\Users\Theo\AppData\Roaming\npm\node_modules\firebase-tools\lib\init\index.js:19:9)
[error] 
[error] Error: Failed to get Firebase project defi-credit-score. Please make sure the project exists and your account has permission to access it.
[debug] [2021-06-24T06:37:02.838Z] ----------------------------------------------------------------------
[debug] [2021-06-24T06:37:02.840Z] Command:       C:\Program Files\nodejs\node.exe C:\Users\Theo\AppData\Roaming\npm\node_modules\firebase-tools\lib\bin\firebase.js deploy --only hosting
[debug] [2021-06-24T06:37:02.840Z] CLI Version:   9.14.0
[debug] [2021-06-24T06:37:02.840Z] Platform:      win32
[debug] [2021-06-24T06:37:02.841Z] Node Version:  v14.15.3
[debug] [2021-06-24T06:37:02.841Z] Time:          Wed Jun 23 2021 23:37:02 GMT-0700 (Pacific Daylight Time)
[debug] [2021-06-24T06:37:02.841Z] ----------------------------------------------------------------------
[debug] 
[debug] [2021-06-24T06:37:02.851Z] > command requires scopes: ["email","openid","https://www.googleapis.com/auth/cloudplatformprojects.readonly","https://www.googleapis.com/auth/firebase","https://www.googleapis.com/auth/cloud-platform"]
[debug] [2021-06-24T06:37:02.851Z] > authorizing via signed-in user (theo.skille@gmail.com)
[debug] [2021-06-24T06:37:02.851Z] [iam] checking project defi-credit-score for permissions ["firebase.projects.get","firebasehosting.sites.update"]
[debug] [2021-06-24T06:37:02.853Z] > refreshing access token with scopes: ["email","https://www.googleapis.com/auth/cloud-platform","https://www.googleapis.com/auth/cloudplatformprojects.readonly","https://www.googleapis.com/auth/firebase","openid"]
[debug] [2021-06-24T06:37:02.853Z] >>> HTTP REQUEST POST https://www.googleapis.com/oauth2/v3/token  
 <request body omitted>
[debug] [2021-06-24T06:37:02.998Z] <<< HTTP RESPONSE 200 {"date":"Thu, 24 Jun 2021 06:37:03 GMT","pragma":"no-cache","expires":"Mon, 01 Jan 1990 00:00:00 GMT","cache-control":"no-cache, no-store, max-age=0, must-revalidate","content-type":"application/json; charset=utf-8","vary":"X-Origin, Referer, Origin,Accept-Encoding","server":"scaffolding on HTTPServer2","x-xss-protection":"0","x-frame-options":"SAMEORIGIN","x-content-type-options":"nosniff","alt-svc":"h3=\":443\"; ma=2592000,h3-29=\":443\"; ma=2592000,h3-T051=\":443\"; ma=2592000,h3-Q050=\":443\"; ma=2592000,h3-Q046=\":443\"; ma=2592000,h3-Q043=\":443\"; ma=2592000,quic=\":443\"; ma=2592000; v=\"46,43\"","accept-ranges":"none","transfer-encoding":"chunked"}
[debug] [2021-06-24T06:37:03.006Z] >>> HTTP REQUEST POST https://cloudresourcemanager.googleapis.com/v1/projects/defi-credit-score:testIamPermissions  
 {"permissions":["firebase.projects.get","firebasehosting.sites.update"]}
[debug] [2021-06-24T06:37:03.456Z] <<< HTTP RESPONSE 200 {"content-type":"application/json; charset=UTF-8","vary":"X-Origin, Referer, Origin,Accept-Encoding","date":"Thu, 24 Jun 2021 06:37:03 GMT","server":"ESF","cache-control":"private","x-xss-protection":"0","x-frame-options":"SAMEORIGIN","x-content-type-options":"nosniff","server-timing":"gfet4t7; dur=312","alt-svc":"h3=\":443\"; ma=2592000,h3-29=\":443\"; ma=2592000,h3-T051=\":443\"; ma=2592000,h3-Q050=\":443\"; ma=2592000,h3-Q046=\":443\"; ma=2592000,h3-Q043=\":443\"; ma=2592000,quic=\":443\"; ma=2592000; v=\"46,43\"","accept-ranges":"none","transfer-encoding":"chunked"}
[debug] [2021-06-24T06:37:03.456Z] [iam] error while checking permissions, command may fail: FirebaseError: Authorization failed. This account is missing the following required permissions on project defi-credit-score:

  firebase.projects.get
  firebasehosting.sites.update
[debug] [2021-06-24T06:37:03.457Z] > refreshing access token with scopes: []
[debug] [2021-06-24T06:37:03.457Z] >>> HTTP REQUEST POST https://www.googleapis.com/oauth2/v3/token  
 <request body omitted>
[debug] [2021-06-24T06:37:03.592Z] <<< HTTP RESPONSE 200 {"pragma":"no-cache","date":"Thu, 24 Jun 2021 06:37:03 GMT","cache-control":"no-cache, no-store, max-age=0, must-revalidate","expires":"Mon, 01 Jan 1990 00:00:00 GMT","content-type":"application/json; charset=utf-8","vary":"X-Origin, Referer, Origin,Accept-Encoding","server":"scaffolding on HTTPServer2","x-xss-protection":"0","x-frame-options":"SAMEORIGIN","x-content-type-options":"nosniff","alt-svc":"h3=\":443\"; ma=2592000,h3-29=\":443\"; ma=2592000,h3-T051=\":443\"; ma=2592000,h3-Q050=\":443\"; ma=2592000,h3-Q046=\":443\"; ma=2592000,h3-Q043=\":443\"; ma=2592000,quic=\":443\"; ma=2592000; v=\"46,43\"","accept-ranges":"none","transfer-encoding":"chunked"}
[debug] [2021-06-24T06:37:03.598Z] >>> [apiv2][query] GET https://firebase.googleapis.com/v1beta1/projects/defi-credit-score [none]
[debug] [2021-06-24T06:37:03.856Z] <<< [apiv2][status] GET https://firebase.googleapis.com/v1beta1/projects/defi-credit-score 403
[debug] [2021-06-24T06:37:03.856Z] <<< [apiv2][body] GET https://firebase.googleapis.com/v1beta1/projects/defi-credit-score {"error":{"code":403,"message":"The caller does not have permission","status":"PERMISSION_DENIED"}}
[debug] [2021-06-24T06:37:03.856Z] HTTP Error: 403, The caller does not have permission
[debug] [2021-06-24T06:37:03.965Z] FirebaseError: HTTP Error: 403, The caller does not have permission
    at module.exports (C:\Users\Theo\AppData\Roaming\npm\node_modules\firebase-tools\lib\responseToError.js:38:12)
    at Client.doRequest (C:\Users\Theo\AppData\Roaming\npm\node_modules\firebase-tools\lib\apiv2.js:238:23)
    at processTicksAndRejections (internal/process/task_queues.js:93:5)
    at async Client.request (C:\Users\Theo\AppData\Roaming\npm\node_modules\firebase-tools\lib\apiv2.js:96:20)
    at async Object.getFirebaseProject (C:\Users\Theo\AppData\Roaming\npm\node_modules\firebase-tools\lib\management\projects.js:290:21)
    at async Object.getDefaultHostingSite (C:\Users\Theo\AppData\Roaming\npm\node_modules\firebase-tools\lib\getDefaultHostingSite.js:8:21)
    at async requireHostingSite (C:\Users\Theo\AppData\Roaming\npm\node_modules\firebase-tools\lib\requireHostingSite.js:9:18)
    at async Object.fn (C:\Users\Theo\AppData\Roaming\npm\node_modules\firebase-tools\lib\commands\deploy.js:65:9)
    at async C:\Users\Theo\AppData\Roaming\npm\node_modules\firebase-tools\lib\command.js:169:17
[error] 
[error] Error: Failed to get Firebase project defi-credit-score. Please make sure the project exists and your account has permission to access it.
